d:\visualstudio\bsdiff_update\bsdiffupdate\x64\debug\bsdiffupdate.lib
d:\visualstudio\bsdiff_update\bsdiffupdate\x64\debug\bsdiffupdate.exp
d:\visualstudio\bsdiff_update\bsdiffupdate\bsdiffupdate\x64\debug\vc140.pdb
d:\visualstudio\bsdiff_update\bsdiffupdate\bsdiffupdate\x64\debug\vc140.idb
d:\visualstudio\bsdiff_update\bsdiffupdate\bsdiffupdate\x64\debug\blocksort.obj
d:\visualstudio\bsdiff_update\bsdiffupdate\bsdiffupdate\x64\debug\bzlib.obj
d:\visualstudio\bsdiff_update\bsdiffupdate\bsdiffupdate\x64\debug\compress.obj
d:\visualstudio\bsdiff_update\bsdiffupdate\bsdiffupdate\x64\debug\crctable.obj
d:\visualstudio\bsdiff_update\bsdiffupdate\bsdiffupdate\x64\debug\decompress.obj
d:\visualstudio\bsdiff_update\bsdiffupdate\bsdiffupdate\x64\debug\huffman.obj
d:\visualstudio\bsdiff_update\bsdiffupdate\bsdiffupdate\x64\debug\randtable.obj
d:\visualstudio\bsdiff_update\bsdiffupdate\bsdiffupdate\x64\debug\bsdiff.obj
d:\visualstudio\bsdiff_update\bsdiffupdate\x64\debug\bsdiffupdate.ilk
d:\visualstudio\bsdiff_update\bsdiffupdate\x64\debug\bsdiffupdate.dll
d:\visualstudio\bsdiff_update\bsdiffupdate\x64\debug\bsdiffupdate.pdb
d:\visualstudio\bsdiff_update\bsdiffupdate\bsdiffupdate\x64\debug\bsdiffupdate.tlog\bsdiffupdate.write.1u.tlog
d:\visualstudio\bsdiff_update\bsdiffupdate\bsdiffupdate\x64\debug\bsdiffupdate.tlog\cl.command.1.tlog
d:\visualstudio\bsdiff_update\bsdiffupdate\bsdiffupdate\x64\debug\bsdiffupdate.tlog\cl.read.1.tlog
d:\visualstudio\bsdiff_update\bsdiffupdate\bsdiffupdate\x64\debug\bsdiffupdate.tlog\cl.write.1.tlog
d:\visualstudio\bsdiff_update\bsdiffupdate\bsdiffupdate\x64\debug\bsdiffupdate.tlog\link.command.1.tlog
d:\visualstudio\bsdiff_update\bsdiffupdate\bsdiffupdate\x64\debug\bsdiffupdate.tlog\link.read.1.tlog
d:\visualstudio\bsdiff_update\bsdiffupdate\bsdiffupdate\x64\debug\bsdiffupdate.tlog\link.write.1.tlog
